This file contains any messages produced by compilers while
running configure, to aid debugging if configure makes a mistake.

It was created by pbc configure 0.5.12, which was
generated by GNU Autoconf 2.67.  Invocation command line was

  $ ./configure 

## --------- ##
## Platform. ##
## --------- ##

hostname = dokuenterprise
uname -m = x86_64
uname -r = 4.18.0-13-generic
uname -s = Linux
uname -v = #14-Ubuntu SMP Wed Dec 5 09:04:24 UTC 2018

/usr/bin/uname -p = unknown
/bin/uname -X     = unknown

/bin/arch              = unknown
/usr/bin/arch -k       = unknown
/usr/convex/getsysinfo = unknown
/usr/bin/hostinfo      = unknown
/bin/machine           = unknown
/usr/bin/oslevel       = unknown
/bin/universe          = unknown

PATH: /home/professor/.local/bin
PATH: /home/professor/go/bin
PATH: /home/professor/bin
PATH: /usr/local/sbin
PATH: /usr/local/bin
PATH: /usr/sbin
PATH: /usr/bin
PATH: /sbin
PATH: /bin
PATH: /usr/games
PATH: /usr/local/games
PATH: /snap/bin


## ----------- ##
## Core tests. ##
## ----------- ##

configure:2410: checking for a BSD-compatible install
configure:2478: result: /usr/bin/install -c
configure:2489: checking whether build environment is sane
configure:2539: result: yes
configure:2680: checking for a thread-safe mkdir -p
configure:2719: result: /bin/mkdir -p
configure:2732: checking for gawk
configure:2748: found /usr/bin/gawk
configure:2759: result: gawk
configure:2770: checking whether make sets $(MAKE)
configure:2792: result: yes
configure:2904: checking build system type
configure:2918: result: x86_64-unknown-linux-gnu
configure:2938: checking host system type
configure:2951: result: x86_64-unknown-linux-gnu
configure:2983: checking for style of include used by make
configure:3011: result: GNU
configure:3081: checking for gcc
configure:3097: found /usr/bin/gcc
configure:3108: result: gcc
configure:3337: checking for C compiler version
configure:3346: gcc --version >&5
gcc (Ubuntu 7.3.0-27ubuntu1~18.04) 7.3.0
Copyright (C) 2017 Free Software Foundation, Inc.
This is free software; see the source for copying conditions.  There is NO
warranty; not even for MERCHANTABILITY or FITNESS FOR A PARTICULAR PURPOSE.

configure:3357: $? = 0
configure:3346: gcc -v >&5
Using built-in specs.
COLLECT_GCC=gcc
COLLECT_LTO_WRAPPER=/usr/lib/gcc/x86_64-linux-gnu/7/lto-wrapper
OFFLOAD_TARGET_NAMES=nvptx-none
OFFLOAD_TARGET_DEFAULT=1
Target: x86_64-linux-gnu
Configured with: ../src/configure -v --with-pkgversion='Ubuntu 7.3.0-27ubuntu1~18.04' --with-bugurl=file:///usr/share/doc/gcc-7/README.Bugs --enable-languages=c,ada,c++,go,brig,d,fortran,objc,obj-c++ --prefix=/usr --with-gcc-major-version-only --program-suffix=-7 --program-prefix=x86_64-linux-gnu- --enable-shared --enable-linker-build-id --libexecdir=/usr/lib --without-included-gettext --enable-threads=posix --libdir=/usr/lib --enable-nls --with-sysroot=/ --enable-clocale=gnu --enable-libstdcxx-debug --enable-libstdcxx-time=yes --with-default-libstdcxx-abi=new --enable-gnu-unique-object --disable-vtable-verify --enable-libmpx --enable-plugin --enable-default-pie --with-system-zlib --with-target-system-zlib --enable-objc-gc=auto --enable-multiarch --disable-werror --with-arch-32=i686 --with-abi=m64 --with-multilib-list=m32,m64,mx32 --enable-multilib --with-tune=generic --enable-offload-targets=nvptx-none --without-cuda-driver --enable-checking=release --build=x86_64-linux-gnu --host=x86_64-linux-gnu --target=x86_64-linux-gnu
Thread model: posix
gcc version 7.3.0 (Ubuntu 7.3.0-27ubuntu1~18.04) 
configure:3357: $? = 0
configure:3346: gcc -V >&5
gcc: error: unrecognized command line option '-V'
gcc: fatal error: no input files
compilation terminated.
configure:3357: $? = 1
configure:3346: gcc -qversion >&5
gcc: error: unrecognized command line option '-qversion'; did you mean '--version'?
gcc: fatal error: no input files
compilation terminated.
configure:3357: $? = 1
configure:3377: checking whether the C compiler works
configure:3399: gcc    conftest.c  >&5
configure:3403: $? = 0
configure:3451: result: yes
configure:3454: checking for C compiler default output file name
configure:3456: result: a.out
configure:3462: checking for suffix of executables
configure:3469: gcc -o conftest    conftest.c  >&5
configure:3473: $? = 0
configure:3495: result: 
configure:3517: checking whether we are cross compiling
configure:3525: gcc -o conftest    conftest.c  >&5
configure:3529: $? = 0
configure:3536: ./conftest
configure:3540: $? = 0
configure:3555: result: no
configure:3560: checking for suffix of object files
configure:3582: gcc -c   conftest.c >&5
configure:3586: $? = 0
configure:3607: result: o
configure:3611: checking whether we are using the GNU C compiler
configure:3630: gcc -c   conftest.c >&5
configure:3630: $? = 0
configure:3639: result: yes
configure:3648: checking whether gcc accepts -g
configure:3668: gcc -c -g  conftest.c >&5
configure:3668: $? = 0
configure:3709: result: yes
configure:3726: checking for gcc option to accept ISO C89
configure:3790: gcc  -c -g -O2  conftest.c >&5
configure:3790: $? = 0
configure:3803: result: none needed
configure:3825: checking dependency style of gcc
configure:3935: result: gcc3
configure:3950: checking for a sed that does not truncate output
configure:4014: result: /bin/sed
configure:4032: checking for grep that handles long lines and -e
configure:4090: result: /bin/grep
configure:4095: checking for egrep
configure:4157: result: /bin/grep -E
configure:4162: checking for fgrep
configure:4224: result: /bin/grep -F
configure:4259: checking for ld used by gcc
configure:4326: result: /usr/bin/ld
configure:4333: checking if the linker (/usr/bin/ld) is GNU ld
configure:4348: result: yes
configure:4360: checking for BSD- or MS-compatible name lister (nm)
configure:4409: result: /usr/bin/nm -B
configure:4527: checking the name lister (/usr/bin/nm -B) interface
configure:4534: gcc -c -g -O2  conftest.c >&5
configure:4537: /usr/bin/nm -B "conftest.o"
configure:4540: output
0000000000000000 B some_variable
configure:4547: result: BSD nm
configure:4550: checking whether ln -s works
configure:4554: result: yes
configure:4562: checking the maximum length of command line arguments
configure:4682: result: 1572864
configure:4699: checking whether the shell understands some XSI constructs
configure:4709: result: yes
configure:4713: checking whether the shell understands "+="
configure:4719: result: yes
configure:4754: checking for /usr/bin/ld option to reload object files
configure:4761: result: -r
configure:4830: checking for objdump
configure:4846: found /usr/bin/objdump
configure:4857: result: objdump
configure:4889: checking how to recognize dependent libraries
configure:5085: result: pass_all
configure:5145: checking for ar
configure:5161: found /usr/bin/ar
configure:5172: result: ar
configure:5250: checking for strip
configure:5266: found /usr/bin/strip
configure:5277: result: strip
configure:5349: checking for ranlib
configure:5365: found /usr/bin/ranlib
configure:5376: result: ranlib
configure:5466: checking command to parse /usr/bin/nm -B output from gcc object
configure:5584: gcc -c -g -O2  conftest.c >&5
configure:5587: $? = 0
configure:5591: /usr/bin/nm -B conftest.o \| sed -n -e 's/^.*[	 ]\([ABCDGIRSTW][ABCDGIRSTW]*\)[	 ][	 ]*\([_A-Za-z][_A-Za-z0-9]*\)$/\1 \2 \2/p' \> conftest.nm
configure:5594: $? = 0
configure:5648: gcc -o conftest -g -O2   conftest.c conftstm.o >&5
configure:5651: $? = 0
configure:5689: result: ok
configure:5785: gcc -c -g -O2  conftest.c >&5
configure:5788: $? = 0
configure:6498: checking how to run the C preprocessor
configure:6529: gcc -E  conftest.c
configure:6529: $? = 0
configure:6543: gcc -E  conftest.c
conftest.c:11:10: fatal error: ac_nonexistent.h: No such file or directory
 #include <ac_nonexistent.h>
          ^~~~~~~~~~~~~~~~~~
compilation terminated.
configure:6543: $? = 1
configure: failed program was:
| /* confdefs.h */
| #define PACKAGE_NAME "pbc"
| #define PACKAGE_TARNAME "pbc"
| #define PACKAGE_VERSION "0.5.12"
| #define PACKAGE_STRING "pbc 0.5.12"
| #define PACKAGE_BUGREPORT "blynn@cs.stanford.edu"
| #define PACKAGE_URL ""
| #define PACKAGE "pbc"
| #define VERSION "0.5.12"
| /* end confdefs.h.  */
| #include <ac_nonexistent.h>
configure:6568: result: gcc -E
configure:6588: gcc -E  conftest.c
configure:6588: $? = 0
configure:6602: gcc -E  conftest.c
conftest.c:11:10: fatal error: ac_nonexistent.h: No such file or directory
 #include <ac_nonexistent.h>
          ^~~~~~~~~~~~~~~~~~
compilation terminated.
configure:6602: $? = 1
configure: failed program was:
| /* confdefs.h */
| #define PACKAGE_NAME "pbc"
| #define PACKAGE_TARNAME "pbc"
| #define PACKAGE_VERSION "0.5.12"
| #define PACKAGE_STRING "pbc 0.5.12"
| #define PACKAGE_BUGREPORT "blynn@cs.stanford.edu"
| #define PACKAGE_URL ""
| #define PACKAGE "pbc"
| #define VERSION "0.5.12"
| /* end confdefs.h.  */
| #include <ac_nonexistent.h>
configure:6631: checking for ANSI C header files
configure:6651: gcc -c -g -O2  conftest.c >&5
configure:6651: $? = 0
configure:6724: gcc -o conftest -g -O2   conftest.c  >&5
configure:6724: $? = 0
configure:6724: ./conftest
configure:6724: $? = 0
configure:6735: result: yes
configure:6748: checking for sys/types.h
configure:6748: gcc -c -g -O2  conftest.c >&5
configure:6748: $? = 0
configure:6748: result: yes
configure:6748: checking for sys/stat.h
configure:6748: gcc -c -g -O2  conftest.c >&5
configure:6748: $? = 0
configure:6748: result: yes
configure:6748: checking for stdlib.h
configure:6748: gcc -c -g -O2  conftest.c >&5
configure:6748: $? = 0
configure:6748: result: yes
configure:6748: checking for string.h
configure:6748: gcc -c -g -O2  conftest.c >&5
configure:6748: $? = 0
configure:6748: result: yes
configure:6748: checking for memory.h
configure:6748: gcc -c -g -O2  conftest.c >&5
configure:6748: $? = 0
configure:6748: result: yes
configure:6748: checking for strings.h
configure:6748: gcc -c -g -O2  conftest.c >&5
configure:6748: $? = 0
configure:6748: result: yes
configure:6748: checking for inttypes.h
configure:6748: gcc -c -g -O2  conftest.c >&5
configure:6748: $? = 0
configure:6748: result: yes
configure:6748: checking for stdint.h
configure:6748: gcc -c -g -O2  conftest.c >&5
configure:6748: $? = 0
configure:6748: result: yes
configure:6748: checking for unistd.h
configure:6748: gcc -c -g -O2  conftest.c >&5
configure:6748: $? = 0
configure:6748: result: yes
configure:6762: checking for dlfcn.h
configure:6762: gcc -c -g -O2  conftest.c >&5
configure:6762: $? = 0
configure:6762: result: yes
configure:6946: checking for objdir
configure:6961: result: .libs
configure:7253: checking if gcc supports -fno-rtti -fno-exceptions
configure:7271: gcc -c -g -O2  -fno-rtti -fno-exceptions conftest.c >&5
cc1: warning: command line option '-fno-rtti' is valid for C++/ObjC++ but not for C
configure:7275: $? = 0
configure:7288: result: no
configure:7308: checking for gcc option to produce PIC
configure:7580: result: -fPIC -DPIC
configure:7592: checking if gcc PIC flag -fPIC -DPIC works
configure:7610: gcc -c -g -O2  -fPIC -DPIC -DPIC conftest.c >&5
configure:7614: $? = 0
configure:7627: result: yes
configure:7651: checking if gcc static flag -static works
configure:7679: result: yes
configure:7694: checking if gcc supports -c -o file.o
configure:7715: gcc -c -g -O2  -o out/conftest2.o conftest.c >&5
configure:7719: $? = 0
configure:7741: result: yes
configure:7749: checking if gcc supports -c -o file.o
configure:7796: result: yes
configure:7829: checking whether the gcc linker (/usr/bin/ld -m elf_x86_64) supports shared libraries
configure:8820: result: yes
configure:8857: checking whether -lc should be explicitly linked in
configure:8862: gcc -c -g -O2  conftest.c >&5
configure:8865: $? = 0
configure:8880: gcc -shared conftest.o  -v -Wl,-soname -Wl,conftest -o conftest 2\>\&1 \| /bin/grep  -lc  \>/dev/null 2\>\&1
configure:8883: $? = 0
configure:8895: result: no
configure:9059: checking dynamic linker characteristics
configure:9492: gcc -o conftest -g -O2   -Wl,-rpath -Wl,/foo conftest.c  >&5
configure:9492: $? = 0
configure:9722: result: GNU/Linux ld.so
configure:9824: checking how to hardcode library paths into programs
configure:9849: result: immediate
configure:10369: checking whether stripping libraries is possible
configure:10374: result: yes
configure:10409: checking if libtool supports shared libraries
configure:10411: result: yes
configure:10414: checking whether to build shared libraries
configure:10435: result: yes
configure:10438: checking whether to build static libraries
configure:10442: result: yes
configure:10896: checking for gcc
configure:10923: result: gcc
configure:11152: checking for C compiler version
configure:11161: gcc --version >&5
gcc (Ubuntu 7.3.0-27ubuntu1~18.04) 7.3.0
Copyright (C) 2017 Free Software Foundation, Inc.
This is free software; see the source for copying conditions.  There is NO
warranty; not even for MERCHANTABILITY or FITNESS FOR A PARTICULAR PURPOSE.

configure:11172: $? = 0
configure:11161: gcc -v >&5
Using built-in specs.
COLLECT_GCC=gcc
COLLECT_LTO_WRAPPER=/usr/lib/gcc/x86_64-linux-gnu/7/lto-wrapper
OFFLOAD_TARGET_NAMES=nvptx-none
OFFLOAD_TARGET_DEFAULT=1
Target: x86_64-linux-gnu
Configured with: ../src/configure -v --with-pkgversion='Ubuntu 7.3.0-27ubuntu1~18.04' --with-bugurl=file:///usr/share/doc/gcc-7/README.Bugs --enable-languages=c,ada,c++,go,brig,d,fortran,objc,obj-c++ --prefix=/usr --with-gcc-major-version-only --program-suffix=-7 --program-prefix=x86_64-linux-gnu- --enable-shared --enable-linker-build-id --libexecdir=/usr/lib --without-included-gettext --enable-threads=posix --libdir=/usr/lib --enable-nls --with-sysroot=/ --enable-clocale=gnu --enable-libstdcxx-debug --enable-libstdcxx-time=yes --with-default-libstdcxx-abi=new --enable-gnu-unique-object --disable-vtable-verify --enable-libmpx --enable-plugin --enable-default-pie --with-system-zlib --with-target-system-zlib --enable-objc-gc=auto --enable-multiarch --disable-werror --with-arch-32=i686 --with-abi=m64 --with-multilib-list=m32,m64,mx32 --enable-multilib --with-tune=generic --enable-offload-targets=nvptx-none --without-cuda-driver --enable-checking=release --build=x86_64-linux-gnu --host=x86_64-linux-gnu --target=x86_64-linux-gnu
Thread model: posix
gcc version 7.3.0 (Ubuntu 7.3.0-27ubuntu1~18.04) 
configure:11172: $? = 0
configure:11161: gcc -V >&5
gcc: error: unrecognized command line option '-V'
gcc: fatal error: no input files
compilation terminated.
configure:11172: $? = 1
configure:11161: gcc -qversion >&5
gcc: error: unrecognized command line option '-qversion'; did you mean '--version'?
gcc: fatal error: no input files
compilation terminated.
configure:11172: $? = 1
configure:11176: checking whether we are using the GNU C compiler
configure:11204: result: yes
configure:11213: checking whether gcc accepts -g
configure:11274: result: yes
configure:11291: checking for gcc option to accept ISO C89
configure:11368: result: none needed
configure:11390: checking dependency style of gcc
configure:11500: result: gcc3
configure:11520: checking how to run the C preprocessor
configure:11590: result: gcc -E
configure:11610: gcc -E  conftest.c
configure:11610: $? = 0
configure:11624: gcc -E  conftest.c
conftest.c:23:10: fatal error: ac_nonexistent.h: No such file or directory
 #include <ac_nonexistent.h>
          ^~~~~~~~~~~~~~~~~~
compilation terminated.
configure:11624: $? = 1
configure: failed program was:
| /* confdefs.h */
| #define PACKAGE_NAME "pbc"
| #define PACKAGE_TARNAME "pbc"
| #define PACKAGE_VERSION "0.5.12"
| #define PACKAGE_STRING "pbc 0.5.12"
| #define PACKAGE_BUGREPORT "blynn@cs.stanford.edu"
| #define PACKAGE_URL ""
| #define PACKAGE "pbc"
| #define VERSION "0.5.12"
| #define STDC_HEADERS 1
| #define HAVE_SYS_TYPES_H 1
| #define HAVE_SYS_STAT_H 1
| #define HAVE_STDLIB_H 1
| #define HAVE_STRING_H 1
| #define HAVE_MEMORY_H 1
| #define HAVE_STRINGS_H 1
| #define HAVE_INTTYPES_H 1
| #define HAVE_STDINT_H 1
| #define HAVE_UNISTD_H 1
| #define HAVE_DLFCN_H 1
| #define LT_OBJDIR ".libs/"
| /* end confdefs.h.  */
| #include <ac_nonexistent.h>
configure:11653: checking whether ln -s works
configure:11657: result: yes
configure:11664: checking whether make sets $(MAKE)
configure:11686: result: yes
configure:11698: checking for pow in -lm
configure:11723: gcc -o conftest    conftest.c -lm   >&5
conftest.c:30:6: warning: conflicting types for built-in function 'pow' [-Wbuiltin-declaration-mismatch]
 char pow ();
      ^~~
configure:11723: $? = 0
configure:11732: result: yes
configure:11751: checking for __gmpz_init in -lgmp
configure:11776: gcc -o conftest    conftest.c -lgmp  -lm  >&5
configure:11776: $? = 0
configure:11785: result: yes
configure:11809: checking for working alloca.h
configure:11826: gcc -o conftest    conftest.c  >&5
configure:11826: $? = 0
configure:11834: result: yes
configure:11842: checking for alloca
configure:11879: gcc -o conftest    conftest.c  >&5
configure:11879: $? = 0
configure:11887: result: yes
configure:11996: checking for ANSI C header files
configure:12100: result: yes
configure:12111: checking for stdlib.h
configure:12111: result: yes
configure:12111: checking for string.h
configure:12111: result: yes
configure:12111: checking sys/time.h usability
configure:12111: gcc -c   conftest.c >&5
configure:12111: $? = 0
configure:12111: result: yes
configure:12111: checking sys/time.h presence
configure:12111: gcc -E  conftest.c
configure:12111: $? = 0
configure:12111: result: yes
configure:12111: checking for sys/time.h
configure:12111: result: yes
configure:12123: checking for an ANSI C-conforming const
configure:12188: gcc -c   conftest.c >&5
configure:12188: $? = 0
configure:12195: result: yes
configure:12203: checking for inline
configure:12219: gcc -c   conftest.c >&5
configure:12219: $? = 0
configure:12227: result: inline
configure:12245: checking for size_t
configure:12245: gcc -c   conftest.c >&5
configure:12245: $? = 0
configure:12245: gcc -c   conftest.c >&5
conftest.c: In function 'main':
conftest.c:67:21: error: expected expression before ')' token
 if (sizeof ((size_t)))
                     ^
configure:12245: $? = 1
configure: failed program was:
| /* confdefs.h */
| #define PACKAGE_NAME "pbc"
| #define PACKAGE_TARNAME "pbc"
| #define PACKAGE_VERSION "0.5.12"
| #define PACKAGE_STRING "pbc 0.5.12"
| #define PACKAGE_BUGREPORT "blynn@cs.stanford.edu"
| #define PACKAGE_URL ""
| #define PACKAGE "pbc"
| #define VERSION "0.5.12"
| #define STDC_HEADERS 1
| #define HAVE_SYS_TYPES_H 1
| #define HAVE_SYS_STAT_H 1
| #define HAVE_STDLIB_H 1
| #define HAVE_STRING_H 1
| #define HAVE_MEMORY_H 1
| #define HAVE_STRINGS_H 1
| #define HAVE_INTTYPES_H 1
| #define HAVE_STDINT_H 1
| #define HAVE_UNISTD_H 1
| #define HAVE_DLFCN_H 1
| #define LT_OBJDIR ".libs/"
| #define HAVE_LIBM 1
| #define HAVE_LIBGMP 1
| #define HAVE_ALLOCA_H 1
| #define HAVE_ALLOCA 1
| #define STDC_HEADERS 1
| #define HAVE_STDLIB_H 1
| #define HAVE_STRING_H 1
| #define HAVE_SYS_TIME_H 1
| /* end confdefs.h.  */
| #include <stdio.h>
| #ifdef HAVE_SYS_TYPES_H
| # include <sys/types.h>
| #endif
| #ifdef HAVE_SYS_STAT_H
| # include <sys/stat.h>
| #endif
| #ifdef STDC_HEADERS
| # include <stdlib.h>
| # include <stddef.h>
| #else
| # ifdef HAVE_STDLIB_H
| #  include <stdlib.h>
| # endif
| #endif
| #ifdef HAVE_STRING_H
| # if !defined STDC_HEADERS && defined HAVE_MEMORY_H
| #  include <memory.h>
| # endif
| # include <string.h>
| #endif
| #ifdef HAVE_STRINGS_H
| # include <strings.h>
| #endif
| #ifdef HAVE_INTTYPES_H
| # include <inttypes.h>
| #endif
| #ifdef HAVE_STDINT_H
| # include <stdint.h>
| #endif
| #ifdef HAVE_UNISTD_H
| # include <unistd.h>
| #endif
| int
| main ()
| {
| if (sizeof ((size_t)))
| 	    return 0;
|   ;
|   return 0;
| }
configure:12245: result: yes
configure:12256: checking whether time.h and sys/time.h may both be included
configure:12276: gcc -c   conftest.c >&5
configure:12276: $? = 0
configure:12283: result: yes
configure:12312: checking for stdlib.h
configure:12312: result: yes
configure:12322: checking for GNU libc compatible malloc
configure:12346: gcc -o conftest  -Wall -W -Wfloat-equal -Wpointer-arith -Wcast-align -Wstrict-prototypes -Wredundant-decls -Wendif-labels -Wshadow -pipe -ffast-math -U__STRICT_ANSI__ -std=gnu99 -g -O2   conftest.c  >&5
conftest.c:40:1: warning: function declaration isn't a prototype [-Wstrict-prototypes]
 main ()
 ^~~~
configure:12346: $? = 0
configure:12346: ./conftest
configure:12346: $? = 0
configure:12356: result: yes
configure:12379: checking for stdlib.h
configure:12379: result: yes
configure:12389: checking for GNU libc compatible realloc
configure:12413: gcc -o conftest  -Wall -W -Wfloat-equal -Wpointer-arith -Wcast-align -Wstrict-prototypes -Wredundant-decls -Wendif-labels -Wshadow -pipe -ffast-math -U__STRICT_ANSI__ -std=gnu99 -g -O2   conftest.c  >&5
conftest.c:42:1: warning: function declaration isn't a prototype [-Wstrict-prototypes]
 main ()
 ^~~~
configure:12413: $? = 0
configure:12413: ./conftest
configure:12413: $? = 0
configure:12423: result: yes
configure:12447: checking for floor
configure:12447: gcc -o conftest  -Wall -W -Wfloat-equal -Wpointer-arith -Wcast-align -Wstrict-prototypes -Wredundant-decls -Wendif-labels -Wshadow -pipe -ffast-math -U__STRICT_ANSI__ -std=gnu99 -g -O2   conftest.c  >&5
conftest.c:59:1: warning: function declaration isn't a prototype [-Wstrict-prototypes]
 char floor ();
 ^~~~
conftest.c:59:6: warning: conflicting types for built-in function 'floor' [-Wbuiltin-declaration-mismatch]
 char floor ();
      ^~~~~
conftest.c:68:1: warning: function declaration isn't a prototype [-Wstrict-prototypes]
 main ()
 ^~~~
/tmp/ccVAEpp1.o: In function `main':
/home/professor/Documents/DEMS/IBE/src/Library/pbc-0-1.5.12/pbc-0.5.12/conftest.c:70: undefined reference to `floor'
collect2: error: ld returned 1 exit status
configure:12447: $? = 1
configure: failed program was:
| /* confdefs.h */
| #define PACKAGE_NAME "pbc"
| #define PACKAGE_TARNAME "pbc"
| #define PACKAGE_VERSION "0.5.12"
| #define PACKAGE_STRING "pbc 0.5.12"
| #define PACKAGE_BUGREPORT "blynn@cs.stanford.edu"
| #define PACKAGE_URL ""
| #define PACKAGE "pbc"
| #define VERSION "0.5.12"
| #define STDC_HEADERS 1
| #define HAVE_SYS_TYPES_H 1
| #define HAVE_SYS_STAT_H 1
| #define HAVE_STDLIB_H 1
| #define HAVE_STRING_H 1
| #define HAVE_MEMORY_H 1
| #define HAVE_STRINGS_H 1
| #define HAVE_INTTYPES_H 1
| #define HAVE_STDINT_H 1
| #define HAVE_UNISTD_H 1
| #define HAVE_DLFCN_H 1
| #define LT_OBJDIR ".libs/"
| #define HAVE_LIBM 1
| #define HAVE_LIBGMP 1
| #define HAVE_ALLOCA_H 1
| #define HAVE_ALLOCA 1
| #define STDC_HEADERS 1
| #define HAVE_STDLIB_H 1
| #define HAVE_STRING_H 1
| #define HAVE_SYS_TIME_H 1
| #define TIME_WITH_SYS_TIME 1
| #define HAVE_STDLIB_H 1
| #define HAVE_MALLOC 1
| #define HAVE_STDLIB_H 1
| #define HAVE_REALLOC 1
| /* end confdefs.h.  */
| /* Define floor to an innocuous variant, in case <limits.h> declares floor.
|    For example, HP-UX 11i <limits.h> declares gettimeofday.  */
| #define floor innocuous_floor
| 
| /* System header to define __stub macros and hopefully few prototypes,
|     which can conflict with char floor (); below.
|     Prefer <limits.h> to <assert.h> if __STDC__ is defined, since
|     <limits.h> exists even on freestanding compilers.  */
| 
| #ifdef __STDC__
| # include <limits.h>
| #else
| # include <assert.h>
| #endif
| 
| #undef floor
| 
| /* Override any GCC internal prototype to avoid an error.
|    Use char because int might match the return type of a GCC
|    builtin and then its argument prototype would still apply.  */
| #ifdef __cplusplus
| extern "C"
| #endif
| char floor ();
| /* The GNU C library defines this for functions which it implements
|     to always fail with ENOSYS.  Some functions are actually named
|     something starting with __ and the normal name is an alias.  */
| #if defined __stub_floor || defined __stub___floor
| choke me
| #endif
| 
| int
| main ()
| {
| return floor ();
|   ;
|   return 0;
| }
configure:12447: result: no
configure:12447: checking for gettimeofday
configure:12447: gcc -o conftest  -Wall -W -Wfloat-equal -Wpointer-arith -Wcast-align -Wstrict-prototypes -Wredundant-decls -Wendif-labels -Wshadow -pipe -ffast-math -U__STRICT_ANSI__ -std=gnu99 -g -O2   conftest.c  >&5
conftest.c:59:1: warning: function declaration isn't a prototype [-Wstrict-prototypes]
 char gettimeofday ();
 ^~~~
conftest.c:68:1: warning: function declaration isn't a prototype [-Wstrict-prototypes]
 main ()
 ^~~~
configure:12447: $? = 0
configure:12447: result: yes
configure:12447: checking for memmove
configure:12447: gcc -o conftest  -Wall -W -Wfloat-equal -Wpointer-arith -Wcast-align -Wstrict-prototypes -Wredundant-decls -Wendif-labels -Wshadow -pipe -ffast-math -U__STRICT_ANSI__ -std=gnu99 -g -O2   conftest.c  >&5
conftest.c:60:1: warning: function declaration isn't a prototype [-Wstrict-prototypes]
 char memmove ();
 ^~~~
conftest.c:60:6: warning: conflicting types for built-in function 'memmove' [-Wbuiltin-declaration-mismatch]
 char memmove ();
      ^~~~~~~
conftest.c:69:1: warning: function declaration isn't a prototype [-Wstrict-prototypes]
 main ()
 ^~~~
configure:12447: $? = 0
configure:12447: result: yes
configure:12447: checking for memset
configure:12447: gcc -o conftest  -Wall -W -Wfloat-equal -Wpointer-arith -Wcast-align -Wstrict-prototypes -Wredundant-decls -Wendif-labels -Wshadow -pipe -ffast-math -U__STRICT_ANSI__ -std=gnu99 -g -O2   conftest.c  >&5
conftest.c:61:1: warning: function declaration isn't a prototype [-Wstrict-prototypes]
 char memset ();
 ^~~~
conftest.c:61:6: warning: conflicting types for built-in function 'memset' [-Wbuiltin-declaration-mismatch]
 char memset ();
      ^~~~~~
conftest.c:70:1: warning: function declaration isn't a prototype [-Wstrict-prototypes]
 main ()
 ^~~~
configure:12447: $? = 0
configure:12447: result: yes
configure:12447: checking for pow
configure:12447: gcc -o conftest  -Wall -W -Wfloat-equal -Wpointer-arith -Wcast-align -Wstrict-prototypes -Wredundant-decls -Wendif-labels -Wshadow -pipe -ffast-math -U__STRICT_ANSI__ -std=gnu99 -g -O2   conftest.c  >&5
conftest.c:62:1: warning: function declaration isn't a prototype [-Wstrict-prototypes]
 char pow ();
 ^~~~
conftest.c:62:6: warning: conflicting types for built-in function 'pow' [-Wbuiltin-declaration-mismatch]
 char pow ();
      ^~~
conftest.c:71:1: warning: function declaration isn't a prototype [-Wstrict-prototypes]
 main ()
 ^~~~
/tmp/ccT8joYc.o: In function `main':
/home/professor/Documents/DEMS/IBE/src/Library/pbc-0-1.5.12/pbc-0.5.12/conftest.c:73: undefined reference to `pow'
collect2: error: ld returned 1 exit status
configure:12447: $? = 1
configure: failed program was:
| /* confdefs.h */
| #define PACKAGE_NAME "pbc"
| #define PACKAGE_TARNAME "pbc"
| #define PACKAGE_VERSION "0.5.12"
| #define PACKAGE_STRING "pbc 0.5.12"
| #define PACKAGE_BUGREPORT "blynn@cs.stanford.edu"
| #define PACKAGE_URL ""
| #define PACKAGE "pbc"
| #define VERSION "0.5.12"
| #define STDC_HEADERS 1
| #define HAVE_SYS_TYPES_H 1
| #define HAVE_SYS_STAT_H 1
| #define HAVE_STDLIB_H 1
| #define HAVE_STRING_H 1
| #define HAVE_MEMORY_H 1
| #define HAVE_STRINGS_H 1
| #define HAVE_INTTYPES_H 1
| #define HAVE_STDINT_H 1
| #define HAVE_UNISTD_H 1
| #define HAVE_DLFCN_H 1
| #define LT_OBJDIR ".libs/"
| #define HAVE_LIBM 1
| #define HAVE_LIBGMP 1
| #define HAVE_ALLOCA_H 1
| #define HAVE_ALLOCA 1
| #define STDC_HEADERS 1
| #define HAVE_STDLIB_H 1
| #define HAVE_STRING_H 1
| #define HAVE_SYS_TIME_H 1
| #define TIME_WITH_SYS_TIME 1
| #define HAVE_STDLIB_H 1
| #define HAVE_MALLOC 1
| #define HAVE_STDLIB_H 1
| #define HAVE_REALLOC 1
| #define HAVE_GETTIMEOFDAY 1
| #define HAVE_MEMMOVE 1
| #define HAVE_MEMSET 1
| /* end confdefs.h.  */
| /* Define pow to an innocuous variant, in case <limits.h> declares pow.
|    For example, HP-UX 11i <limits.h> declares gettimeofday.  */
| #define pow innocuous_pow
| 
| /* System header to define __stub macros and hopefully few prototypes,
|     which can conflict with char pow (); below.
|     Prefer <limits.h> to <assert.h> if __STDC__ is defined, since
|     <limits.h> exists even on freestanding compilers.  */
| 
| #ifdef __STDC__
| # include <limits.h>
| #else
| # include <assert.h>
| #endif
| 
| #undef pow
| 
| /* Override any GCC internal prototype to avoid an error.
|    Use char because int might match the return type of a GCC
|    builtin and then its argument prototype would still apply.  */
| #ifdef __cplusplus
| extern "C"
| #endif
| char pow ();
| /* The GNU C library defines this for functions which it implements
|     to always fail with ENOSYS.  Some functions are actually named
|     something starting with __ and the normal name is an alias.  */
| #if defined __stub_pow || defined __stub___pow
| choke me
| #endif
| 
| int
| main ()
| {
| return pow ();
|   ;
|   return 0;
| }
configure:12447: result: no
configure:12447: checking for sqrt
configure:12447: gcc -o conftest  -Wall -W -Wfloat-equal -Wpointer-arith -Wcast-align -Wstrict-prototypes -Wredundant-decls -Wendif-labels -Wshadow -pipe -ffast-math -U__STRICT_ANSI__ -std=gnu99 -g -O2   conftest.c  >&5
conftest.c:62:1: warning: function declaration isn't a prototype [-Wstrict-prototypes]
 char sqrt ();
 ^~~~
conftest.c:62:6: warning: conflicting types for built-in function 'sqrt' [-Wbuiltin-declaration-mismatch]
 char sqrt ();
      ^~~~
conftest.c:71:1: warning: function declaration isn't a prototype [-Wstrict-prototypes]
 main ()
 ^~~~
/tmp/ccg2HFof.o: In function `main':
/home/professor/Documents/DEMS/IBE/src/Library/pbc-0-1.5.12/pbc-0.5.12/conftest.c:73: undefined reference to `sqrt'
collect2: error: ld returned 1 exit status
configure:12447: $? = 1
configure: failed program was:
| /* confdefs.h */
| #define PACKAGE_NAME "pbc"
| #define PACKAGE_TARNAME "pbc"
| #define PACKAGE_VERSION "0.5.12"
| #define PACKAGE_STRING "pbc 0.5.12"
| #define PACKAGE_BUGREPORT "blynn@cs.stanford.edu"
| #define PACKAGE_URL ""
| #define PACKAGE "pbc"
| #define VERSION "0.5.12"
| #define STDC_HEADERS 1
| #define HAVE_SYS_TYPES_H 1
| #define HAVE_SYS_STAT_H 1
| #define HAVE_STDLIB_H 1
| #define HAVE_STRING_H 1
| #define HAVE_MEMORY_H 1
| #define HAVE_STRINGS_H 1
| #define HAVE_INTTYPES_H 1
| #define HAVE_STDINT_H 1
| #define HAVE_UNISTD_H 1
| #define HAVE_DLFCN_H 1
| #define LT_OBJDIR ".libs/"
| #define HAVE_LIBM 1
| #define HAVE_LIBGMP 1
| #define HAVE_ALLOCA_H 1
| #define HAVE_ALLOCA 1
| #define STDC_HEADERS 1
| #define HAVE_STDLIB_H 1
| #define HAVE_STRING_H 1
| #define HAVE_SYS_TIME_H 1
| #define TIME_WITH_SYS_TIME 1
| #define HAVE_STDLIB_H 1
| #define HAVE_MALLOC 1
| #define HAVE_STDLIB_H 1
| #define HAVE_REALLOC 1
| #define HAVE_GETTIMEOFDAY 1
| #define HAVE_MEMMOVE 1
| #define HAVE_MEMSET 1
| /* end confdefs.h.  */
| /* Define sqrt to an innocuous variant, in case <limits.h> declares sqrt.
|    For example, HP-UX 11i <limits.h> declares gettimeofday.  */
| #define sqrt innocuous_sqrt
| 
| /* System header to define __stub macros and hopefully few prototypes,
|     which can conflict with char sqrt (); below.
|     Prefer <limits.h> to <assert.h> if __STDC__ is defined, since
|     <limits.h> exists even on freestanding compilers.  */
| 
| #ifdef __STDC__
| # include <limits.h>
| #else
| # include <assert.h>
| #endif
| 
| #undef sqrt
| 
| /* Override any GCC internal prototype to avoid an error.
|    Use char because int might match the return type of a GCC
|    builtin and then its argument prototype would still apply.  */
| #ifdef __cplusplus
| extern "C"
| #endif
| char sqrt ();
| /* The GNU C library defines this for functions which it implements
|     to always fail with ENOSYS.  Some functions are actually named
|     something starting with __ and the normal name is an alias.  */
| #if defined __stub_sqrt || defined __stub___sqrt
| choke me
| #endif
| 
| int
| main ()
| {
| return sqrt ();
|   ;
|   return 0;
| }
configure:12447: result: no
configure:12447: checking for strchr
configure:12447: gcc -o conftest  -Wall -W -Wfloat-equal -Wpointer-arith -Wcast-align -Wstrict-prototypes -Wredundant-decls -Wendif-labels -Wshadow -pipe -ffast-math -U__STRICT_ANSI__ -std=gnu99 -g -O2   conftest.c  >&5
conftest.c:62:1: warning: function declaration isn't a prototype [-Wstrict-prototypes]
 char strchr ();
 ^~~~
conftest.c:62:6: warning: conflicting types for built-in function 'strchr' [-Wbuiltin-declaration-mismatch]
 char strchr ();
      ^~~~~~
conftest.c:71:1: warning: function declaration isn't a prototype [-Wstrict-prototypes]
 main ()
 ^~~~
configure:12447: $? = 0
configure:12447: result: yes
configure:12447: checking for strdup
configure:12447: gcc -o conftest  -Wall -W -Wfloat-equal -Wpointer-arith -Wcast-align -Wstrict-prototypes -Wredundant-decls -Wendif-labels -Wshadow -pipe -ffast-math -U__STRICT_ANSI__ -std=gnu99 -g -O2   conftest.c  >&5
conftest.c:63:1: warning: function declaration isn't a prototype [-Wstrict-prototypes]
 char strdup ();
 ^~~~
conftest.c:63:6: warning: conflicting types for built-in function 'strdup' [-Wbuiltin-declaration-mismatch]
 char strdup ();
      ^~~~~~
conftest.c:72:1: warning: function declaration isn't a prototype [-Wstrict-prototypes]
 main ()
 ^~~~
configure:12447: $? = 0
configure:12447: result: yes
configure:12582: creating ./config.status

## ---------------------- ##
## Running config.status. ##
## ---------------------- ##

This file was extended by pbc config.status 0.5.12, which was
generated by GNU Autoconf 2.67.  Invocation command line was

  CONFIG_FILES    = 
  CONFIG_HEADERS  = 
  CONFIG_LINKS    = 
  CONFIG_COMMANDS = 
  $ ./config.status 

on dokuenterprise

config.status:1097: creating Makefile
config.status:1097: creating example/Makefile
config.status:1097: creating gen/Makefile
config.status:1097: creating config.h
config.status:1277: config.h is unchanged
config.status:1325: executing depfiles commands
config.status:1325: executing libtool commands

## ---------------- ##
## Cache variables. ##
## ---------------- ##

ac_cv_build=x86_64-unknown-linux-gnu
ac_cv_c_compiler_gnu=yes
ac_cv_c_const=yes
ac_cv_c_inline=inline
ac_cv_env_CC_set=
ac_cv_env_CC_value=
ac_cv_env_CFLAGS_set=
ac_cv_env_CFLAGS_value=
ac_cv_env_CPPFLAGS_set=
ac_cv_env_CPPFLAGS_value=
ac_cv_env_CPP_set=
ac_cv_env_CPP_value=
ac_cv_env_LDFLAGS_set=
ac_cv_env_LDFLAGS_value=
ac_cv_env_LIBS_set=
ac_cv_env_LIBS_value=
ac_cv_env_build_alias_set=
ac_cv_env_build_alias_value=
ac_cv_env_host_alias_set=
ac_cv_env_host_alias_value=
ac_cv_env_target_alias_set=
ac_cv_env_target_alias_value=
ac_cv_func_alloca_works=yes
ac_cv_func_floor=no
ac_cv_func_gettimeofday=yes
ac_cv_func_malloc_0_nonnull=yes
ac_cv_func_memmove=yes
ac_cv_func_memset=yes
ac_cv_func_pow=no
ac_cv_func_realloc_0_nonnull=yes
ac_cv_func_sqrt=no
ac_cv_func_strchr=yes
ac_cv_func_strdup=yes
ac_cv_header_dlfcn_h=yes
ac_cv_header_inttypes_h=yes
ac_cv_header_memory_h=yes
ac_cv_header_stdc=yes
ac_cv_header_stdint_h=yes
ac_cv_header_stdlib_h=yes
ac_cv_header_string_h=yes
ac_cv_header_strings_h=yes
ac_cv_header_sys_stat_h=yes
ac_cv_header_sys_time_h=yes
ac_cv_header_sys_types_h=yes
ac_cv_header_time=yes
ac_cv_header_unistd_h=yes
ac_cv_host=x86_64-unknown-linux-gnu
ac_cv_lib_gmp___gmpz_init=yes
ac_cv_lib_m_pow=yes
ac_cv_objext=o
ac_cv_path_EGREP='/bin/grep -E'
ac_cv_path_FGREP='/bin/grep -F'
ac_cv_path_GREP=/bin/grep
ac_cv_path_SED=/bin/sed
ac_cv_path_install='/usr/bin/install -c'
ac_cv_path_mkdir=/bin/mkdir
ac_cv_prog_AWK=gawk
ac_cv_prog_CPP='gcc -E'
ac_cv_prog_ac_ct_AR=ar
ac_cv_prog_ac_ct_CC=gcc
ac_cv_prog_ac_ct_OBJDUMP=objdump
ac_cv_prog_ac_ct_RANLIB=ranlib
ac_cv_prog_ac_ct_STRIP=strip
ac_cv_prog_cc_c89=
ac_cv_prog_cc_g=yes
ac_cv_prog_make_make_set=yes
ac_cv_type_size_t=yes
ac_cv_working_alloca_h=yes
am_cv_CC_dependencies_compiler_type=gcc3
lt_cv_deplibs_check_method=pass_all
lt_cv_file_magic_cmd='$MAGIC_CMD'
lt_cv_file_magic_test_file=
lt_cv_ld_reload_flag=-r
lt_cv_nm_interface='BSD nm'
lt_cv_objdir=.libs
lt_cv_path_LD=/usr/bin/ld
lt_cv_path_NM='/usr/bin/nm -B'
lt_cv_prog_compiler_c_o=yes
lt_cv_prog_compiler_pic_works=yes
lt_cv_prog_compiler_rtti_exceptions=no
lt_cv_prog_compiler_static_works=yes
lt_cv_prog_gnu_ld=yes
lt_cv_sys_global_symbol_pipe='sed -n -e '\''s/^.*[	 ]\([ABCDGIRSTW][ABCDGIRSTW]*\)[	 ][	 ]*\([_A-Za-z][_A-Za-z0-9]*\)$/\1 \2 \2/p'\'''
lt_cv_sys_global_symbol_to_c_name_address='sed -n -e '\''s/^: \([^ ]*\) $/  {\"\1\", (void *) 0},/p'\'' -e '\''s/^[ABCDGIRSTW]* \([^ ]*\) \([^ ]*\)$/  {"\2", (void *) \&\2},/p'\'''
lt_cv_sys_global_symbol_to_c_name_address_lib_prefix='sed -n -e '\''s/^: \([^ ]*\) $/  {\"\1\", (void *) 0},/p'\'' -e '\''s/^[ABCDGIRSTW]* \([^ ]*\) \(lib[^ ]*\)$/  {"\2", (void *) \&\2},/p'\'' -e '\''s/^[ABCDGIRSTW]* \([^ ]*\) \([^ ]*\)$/  {"lib\2", (void *) \&\2},/p'\'''
lt_cv_sys_global_symbol_to_cdecl='sed -n -e '\''s/^T .* \(.*\)$/extern int \1();/p'\'' -e '\''s/^[ABCDGIRSTW]* .* \(.*\)$/extern char \1;/p'\'''
lt_cv_sys_max_cmd_len=1572864

## ----------------- ##
## Output variables. ##
## ----------------- ##

ACLOCAL='${SHELL} /home/professor/Documents/DEMS/IBE/src/Library/pbc-0-1.5.12/pbc-0.5.12/missing --run aclocal-1.11'
ALLOCA=''
AMDEPBACKSLASH='\'
AMDEP_FALSE='#'
AMDEP_TRUE=''
AMTAR='${SHELL} /home/professor/Documents/DEMS/IBE/src/Library/pbc-0-1.5.12/pbc-0.5.12/missing --run tar'
AR='ar'
AS='as'
AUTOCONF='${SHELL} /home/professor/Documents/DEMS/IBE/src/Library/pbc-0-1.5.12/pbc-0.5.12/missing --run autoconf'
AUTOHEADER='${SHELL} /home/professor/Documents/DEMS/IBE/src/Library/pbc-0-1.5.12/pbc-0.5.12/missing --run autoheader'
AUTOMAKE='${SHELL} /home/professor/Documents/DEMS/IBE/src/Library/pbc-0-1.5.12/pbc-0.5.12/missing --run automake-1.11'
AWK='gawk'
CC='gcc'
CCDEPMODE='depmode=gcc3'
CFLAGS=' -Wall -W -Wfloat-equal -Wpointer-arith -Wcast-align -Wstrict-prototypes -Wredundant-decls -Wendif-labels -Wshadow -pipe -ffast-math -U__STRICT_ANSI__ -std=gnu99 -g -O2'
CPP='gcc -E'
CPPFLAGS=''
CYGPATH_W='echo'
DEFS='-DHAVE_CONFIG_H'
DEPDIR='.deps'
DLLTOOL='dlltool'
DSYMUTIL=''
DUMPBIN=''
ECHO_C=''
ECHO_N='-n'
ECHO_T=''
EGREP='/bin/grep -E'
EXEEXT=''
FGREP='/bin/grep -F'
GREP='/bin/grep'
INSTALL_DATA='${INSTALL} -m 644'
INSTALL_PROGRAM='${INSTALL}'
INSTALL_SCRIPT='${INSTALL}'
INSTALL_STRIP_PROGRAM='$(install_sh) -c -s'
LD='/usr/bin/ld -m elf_x86_64'
LDFLAGS=''
LIBOBJS=''
LIBPBC_DLL='0'
LIBPBC_LDFLAGS=''
LIBS=''
LIBTOOL='$(SHELL) $(top_builddir)/libtool'
LIPO=''
LN_S='ln -s'
LTLIBOBJS=''
MAKEINFO='${SHELL} /home/professor/Documents/DEMS/IBE/src/Library/pbc-0-1.5.12/pbc-0.5.12/missing --run makeinfo'
MKDIR_P='/bin/mkdir -p'
NM='/usr/bin/nm -B'
NMEDIT=''
OBJDUMP='objdump'
OBJEXT='o'
OTOOL64=''
OTOOL=''
PACKAGE='pbc'
PACKAGE_BUGREPORT='blynn@cs.stanford.edu'
PACKAGE_NAME='pbc'
PACKAGE_STRING='pbc 0.5.12'
PACKAGE_TARNAME='pbc'
PACKAGE_URL=''
PACKAGE_VERSION='0.5.12'
PATH_SEPARATOR=':'
PBC_LDFLAGS=''
RANLIB='ranlib'
SED='/bin/sed'
SET_MAKE=''
SHELL='/bin/bash'
STRIP='strip'
VERSION='0.5.12'
ac_ct_CC='gcc'
ac_ct_DUMPBIN=''
am__EXEEXT_FALSE=''
am__EXEEXT_TRUE='#'
am__fastdepCC_FALSE='#'
am__fastdepCC_TRUE=''
am__include='include'
am__isrc=''
am__leading_dot='.'
am__quote=''
am__tar='${AMTAR} chof - "$$tardir"'
am__untar='${AMTAR} xf -'
bindir='${exec_prefix}/bin'
build='x86_64-unknown-linux-gnu'
build_alias=''
build_cpu='x86_64'
build_os='linux-gnu'
build_vendor='unknown'
datadir='${datarootdir}'
datarootdir='${prefix}/share'
docdir='${datarootdir}/doc/${PACKAGE_TARNAME}'
dvidir='${docdir}'
exec_prefix='${prefix}'
host='x86_64-unknown-linux-gnu'
host_alias=''
host_cpu='x86_64'
host_os='linux-gnu'
host_vendor='unknown'
htmldir='${docdir}'
includedir='${prefix}/include'
infodir='${datarootdir}/info'
install_sh='${SHELL} /home/professor/Documents/DEMS/IBE/src/Library/pbc-0-1.5.12/pbc-0.5.12/install-sh'
libdir='${exec_prefix}/lib'
libexecdir='${exec_prefix}/libexec'
localedir='${datarootdir}/locale'
localstatedir='${prefix}/var'
lt_ECHO='echo'
mandir='${datarootdir}/man'
mkdir_p='/bin/mkdir -p'
oldincludedir='/usr/include'
pdfdir='${docdir}'
prefix='/usr/local'
program_transform_name='s,x,x,'
psdir='${docdir}'
sbindir='${exec_prefix}/sbin'
sharedstatedir='${prefix}/com'
sysconfdir='${prefix}/etc'
target_alias=''

## ----------- ##
## confdefs.h. ##
## ----------- ##

/* confdefs.h */
#define PACKAGE_NAME "pbc"
#define PACKAGE_TARNAME "pbc"
#define PACKAGE_VERSION "0.5.12"
#define PACKAGE_STRING "pbc 0.5.12"
#define PACKAGE_BUGREPORT "blynn@cs.stanford.edu"
#define PACKAGE_URL ""
#define PACKAGE "pbc"
#define VERSION "0.5.12"
#define STDC_HEADERS 1
#define HAVE_SYS_TYPES_H 1
#define HAVE_SYS_STAT_H 1
#define HAVE_STDLIB_H 1
#define HAVE_STRING_H 1
#define HAVE_MEMORY_H 1
#define HAVE_STRINGS_H 1
#define HAVE_INTTYPES_H 1
#define HAVE_STDINT_H 1
#define HAVE_UNISTD_H 1
#define HAVE_DLFCN_H 1
#define LT_OBJDIR ".libs/"
#define HAVE_LIBM 1
#define HAVE_LIBGMP 1
#define HAVE_ALLOCA_H 1
#define HAVE_ALLOCA 1
#define STDC_HEADERS 1
#define HAVE_STDLIB_H 1
#define HAVE_STRING_H 1
#define HAVE_SYS_TIME_H 1
#define TIME_WITH_SYS_TIME 1
#define HAVE_STDLIB_H 1
#define HAVE_MALLOC 1
#define HAVE_STDLIB_H 1
#define HAVE_REALLOC 1
#define HAVE_GETTIMEOFDAY 1
#define HAVE_MEMMOVE 1
#define HAVE_MEMSET 1
#define HAVE_STRCHR 1
#define HAVE_STRDUP 1

configure: exit 0
